<?xml version="1.0" encoding="UTF-8"?>
<testng-results skipped="1" failed="0" total="2" passed="1">
  <reporter-output>
  </reporter-output>
  <suite name="Suite" duration-ms="34145" started-at="2015-01-23T19:07:42Z" finished-at="2015-01-23T19:08:16Z">
    <groups>
    </groups>
    <test name="Test_MostDesktopBrowsersMininumSize" duration-ms="34145" started-at="2015-01-23T19:07:42Z" finished-at="2015-01-23T19:08:16Z">
      <class name="com.aol.example.testcase.PrivateWifi">
        <test-method status="PASS" signature="beforeSuite(java.lang.String, java.lang.String)[pri:0, instance:com.aol.example.testcase.PrivateWifi@32dcb03b]" name="beforeSuite" is-config="true" duration-ms="380" started-at="2015-01-23T14:07:42Z" finished-at="2015-01-23T14:07:42Z">
          <params>
            <param index="0">
              <value>
                <![CDATA[prod]]>
              </value>
            </param>
            <param index="1">
              <value>
                <![CDATA[browserStack]]>
              </value>
            </param>
          </params>
          <reporter-output>
          </reporter-output>
        </test-method> <!-- beforeSuite -->
        <test-method status="PASS" signature="beforeMethod(org.testng.ITestContext, java.lang.reflect.Method, java.lang.String, java.lang.String, java.lang.String, java.lang.String, java.lang.String, java.lang.String)[pri:0, instance:com.aol.example.testcase.PrivateWifi@32dcb03b]" name="beforeMethod" is-config="true" duration-ms="4697" started-at="2015-01-23T14:07:42Z" finished-at="2015-01-23T14:07:47Z">
          <params>
            <param index="0">
              <value>
                <![CDATA[org.testng.TestRunner@16fa21a4]]>
              </value>
            </param>
            <param index="1">
              <value>
                <![CDATA[public void com.aol.example.testcase.PrivateWifi.checkMaxLimitReached(java.lang.String,java.lang.String,java.lang.String)]]>
              </value>
            </param>
            <param index="2">
              <value>
                <![CDATA[win8]]>
              </value>
            </param>
            <param index="3">
              <value>
                <![CDATA[firefox]]>
              </value>
            </param>
            <param index="4">
              <value>
                <![CDATA[1024]]>
              </value>
            </param>
            <param index="5">
              <value>
                <![CDATA[768]]>
              </value>
            </param>
            <param index="6">
              <value>
                <![CDATA[PrivateWifi]]>
              </value>
            </param>
            <param index="7">
              <value>
                <![CDATA[]]>
              </value>
            </param>
          </params>
          <reporter-output>
          </reporter-output>
        </test-method> <!-- beforeMethod -->
        <test-method status="PASS" signature="checkMaxLimitReached(java.lang.String, java.lang.String, java.lang.String)[pri:0, instance:com.aol.example.testcase.PrivateWifi@32dcb03b]" name="checkMaxLimitReached" duration-ms="24783" started-at="2015-01-23T14:07:47Z" finished-at="2015-01-23T14:08:12Z">
          <params>
            <param index="0">
              <value>
                <![CDATA[sns]]>
              </value>
            </param>
            <param index="1">
              <value>
                <![CDATA[ritsmvp6a69a2]]>
              </value>
            </param>
            <param index="2">
              <value>
                <![CDATA[qwe123]]>
              </value>
            </param>
          </params>
          <reporter-output>
          </reporter-output>
        </test-method> <!-- checkMaxLimitReached -->
        <test-method status="FAIL" signature="afterMethod()[pri:0, instance:com.aol.example.testcase.PrivateWifi@32dcb03b]" name="afterMethod" is-config="true" duration-ms="0" started-at="2015-01-23T14:08:12Z" finished-at="2015-01-23T14:08:12Z">
          <exception class="com.applitools.eyes.NewTestException">
            <message>
              <![CDATA['PrivateWifi checkMaxLimitReached' of 'checkMaxLimitReached'. Please approve the new baseline at https://eyes.applitools.com/app/sessions/251980260726980]]>
            </message>
            <full-stacktrace>
              <![CDATA[com.applitools.eyes.NewTestException: 'PrivateWifi checkMaxLimitReached' of 'checkMaxLimitReached'. Please approve the new baseline at https://eyes.applitools.com/app/sessions/251980260726980
	at com.applitools.eyes.EyesBase.close(EyesBase.java:521)
	at com.applitools.eyes.Eyes.close(Eyes.java:18)
	at com.applitools.eyes.EyesBase.close(EyesBase.java:444)
	at com.applitools.eyes.Eyes.close(Eyes.java:18)
	at com.aol.example.testcase.UITestBase.afterMethod(UITestBase.java:102)
	at sun.reflect.NativeMethodAccessorImpl.invoke0(Native Method)
	at sun.reflect.NativeMethodAccessorImpl.invoke(NativeMethodAccessorImpl.java:39)
	at sun.reflect.DelegatingMethodAccessorImpl.invoke(DelegatingMethodAccessorImpl.java:25)
	at java.lang.reflect.Method.invoke(Method.java:597)
	at org.testng.internal.MethodInvocationHelper.invokeMethod(MethodInvocationHelper.java:84)
	at org.testng.internal.Invoker.invokeConfigurationMethod(Invoker.java:564)
	at org.testng.internal.Invoker.invokeConfigurations(Invoker.java:213)
	at org.testng.internal.Invoker.invokeMethod(Invoker.java:786)
	at org.testng.internal.Invoker.invokeTestMethod(Invoker.java:901)
	at org.testng.internal.Invoker.invokeTestMethods(Invoker.java:1231)
	at org.testng.internal.TestMethodWorker.invokeTestMethods(TestMethodWorker.java:127)
	at org.testng.internal.TestMethodWorker.run(TestMethodWorker.java:111)
	at org.testng.TestRunner.privateRun(TestRunner.java:767)
	at org.testng.TestRunner.run(TestRunner.java:617)
	at org.testng.SuiteRunner.runTest(SuiteRunner.java:334)
	at org.testng.SuiteRunner.runSequentially(SuiteRunner.java:329)
	at org.testng.SuiteRunner.privateRun(SuiteRunner.java:291)
	at org.testng.SuiteRunner.run(SuiteRunner.java:240)
	at org.testng.SuiteRunnerWorker.runSuite(SuiteRunnerWorker.java:52)
	at org.testng.SuiteRunnerWorker.run(SuiteRunnerWorker.java:86)
	at org.testng.TestNG.runSuitesSequentially(TestNG.java:1224)
	at org.testng.TestNG.runSuitesLocally(TestNG.java:1149)
	at org.testng.TestNG.run(TestNG.java:1057)
	at org.testng.remote.RemoteTestNG.run(RemoteTestNG.java:111)
	at org.testng.remote.RemoteTestNG.initAndRun(RemoteTestNG.java:204)
	at org.testng.remote.RemoteTestNG.main(RemoteTestNG.java:175)
]]>
            </full-stacktrace>
          </exception> <!-- com.applitools.eyes.NewTestException -->
          <reporter-output>
          </reporter-output>
        </test-method> <!-- afterMethod -->
        <test-method status="SKIP" signature="beforeMethod(org.testng.ITestContext, java.lang.reflect.Method, java.lang.String, java.lang.String, java.lang.String, java.lang.String, java.lang.String, java.lang.String)[pri:0, instance:com.aol.example.testcase.PrivateWifi@32dcb03b]" name="beforeMethod" is-config="true" duration-ms="0" started-at="2015-01-23T14:08:16Z" finished-at="2015-01-23T14:08:16Z">
          <reporter-output>
          </reporter-output>
        </test-method> <!-- beforeMethod -->
        <test-method status="SKIP" signature="loadPrivateWifiPageAndSignIn(java.lang.String, java.lang.String, java.lang.String)[pri:0, instance:com.aol.example.testcase.PrivateWifi@32dcb03b]" name="loadPrivateWifiPageAndSignIn" duration-ms="1" started-at="2015-01-23T14:08:16Z" finished-at="2015-01-23T14:08:16Z">
          <params>
            <param index="0">
              <value>
                <![CDATA[sns]]>
              </value>
            </param>
            <param index="1">
              <value>
                <![CDATA[ritsmvp6a69a1]]>
              </value>
            </param>
            <param index="2">
              <value>
                <![CDATA[qwe123]]>
              </value>
            </param>
          </params>
          <reporter-output>
          </reporter-output>
        </test-method> <!-- loadPrivateWifiPageAndSignIn -->
        <test-method status="FAIL" signature="afterMethod()[pri:0, instance:com.aol.example.testcase.PrivateWifi@32dcb03b]" name="afterMethod" is-config="true" duration-ms="0" started-at="2015-01-23T14:08:16Z" finished-at="2015-01-23T14:08:16Z">
          <exception class="java.lang.IllegalStateException">
            <message>
              <![CDATA[Eyes not open]]>
            </message>
            <full-stacktrace>
              <![CDATA[java.lang.IllegalStateException: Eyes not open
	at com.applitools.utils.ArgumentGuard.isValidState(ArgumentGuard.java:105)
	at com.applitools.eyes.EyesBase.close(EyesBase.java:463)
	at com.applitools.eyes.Eyes.close(Eyes.java:18)
	at com.applitools.eyes.EyesBase.close(EyesBase.java:444)
	at com.applitools.eyes.Eyes.close(Eyes.java:18)
	at com.aol.example.testcase.UITestBase.afterMethod(UITestBase.java:102)
	at sun.reflect.NativeMethodAccessorImpl.invoke0(Native Method)
	at sun.reflect.NativeMethodAccessorImpl.invoke(NativeMethodAccessorImpl.java:39)
	at sun.reflect.DelegatingMethodAccessorImpl.invoke(DelegatingMethodAccessorImpl.java:25)
	at java.lang.reflect.Method.invoke(Method.java:597)
	at org.testng.internal.MethodInvocationHelper.invokeMethod(MethodInvocationHelper.java:84)
	at org.testng.internal.Invoker.invokeConfigurationMethod(Invoker.java:564)
	at org.testng.internal.Invoker.invokeConfigurations(Invoker.java:213)
	at org.testng.internal.Invoker.invokeMethod(Invoker.java:786)
	at org.testng.internal.Invoker.invokeTestMethod(Invoker.java:901)
	at org.testng.internal.Invoker.invokeTestMethods(Invoker.java:1231)
	at org.testng.internal.TestMethodWorker.invokeTestMethods(TestMethodWorker.java:127)
	at org.testng.internal.TestMethodWorker.run(TestMethodWorker.java:111)
	at org.testng.TestRunner.privateRun(TestRunner.java:767)
	at org.testng.TestRunner.run(TestRunner.java:617)
	at org.testng.SuiteRunner.runTest(SuiteRunner.java:334)
	at org.testng.SuiteRunner.runSequentially(SuiteRunner.java:329)
	at org.testng.SuiteRunner.privateRun(SuiteRunner.java:291)
	at org.testng.SuiteRunner.run(SuiteRunner.java:240)
	at org.testng.SuiteRunnerWorker.runSuite(SuiteRunnerWorker.java:52)
	at org.testng.SuiteRunnerWorker.run(SuiteRunnerWorker.java:86)
	at org.testng.TestNG.runSuitesSequentially(TestNG.java:1224)
	at org.testng.TestNG.runSuitesLocally(TestNG.java:1149)
	at org.testng.TestNG.run(TestNG.java:1057)
	at org.testng.remote.RemoteTestNG.run(RemoteTestNG.java:111)
	at org.testng.remote.RemoteTestNG.initAndRun(RemoteTestNG.java:204)
	at org.testng.remote.RemoteTestNG.main(RemoteTestNG.java:175)
]]>
            </full-stacktrace>
          </exception> <!-- java.lang.IllegalStateException -->
          <reporter-output>
          </reporter-output>
        </test-method> <!-- afterMethod -->
      </class> <!-- com.aol.example.testcase.PrivateWifi -->
    </test> <!-- Test_MostDesktopBrowsersMininumSize -->
  </suite> <!-- Suite -->
</testng-results>
